<?xml version="1.0" encoding="UTF-8"?>
<testng-results ignored="0" total="1" passed="1" failed="0" skipped="0">
  <reporter-output>
  </reporter-output>
  <suite started-at="2024-04-22T09:46:38 EDT" name="Default suite" finished-at="2024-04-22T09:46:41 EDT" duration-ms="2813">
    <groups>
    </groups>
    <test started-at="2024-04-22T09:46:38 EDT" name="Default test" finished-at="2024-04-22T09:46:41 EDT" duration-ms="2813">
      <class name="com.training.restapi.ApiAutomationUsers">
        <test-method signature="validusers()[pri:0, instance:com.training.restapi.ApiAutomationUsers@16ec5519]" started-at="2024-04-22T09:46:38 EDT" name="validusers" finished-at="2024-04-22T09:46:41 EDT" duration-ms="2771" status="PASS">
          <reporter-output>
          </reporter-output>
        </test-method> <!-- validusers -->
      </class> <!-- com.training.restapi.ApiAutomationUsers -->
    </test> <!-- Default test -->
  </suite> <!-- Default suite -->
</testng-results>
